03-02-2023 13:37:21.846 [restartedMain] INFO  c.Project.product.ProductApplication.logStarting - Starting ProductApplication using Java 19.0.1 on LAPTOP-HD1DTI40 with PID 23036 (C:\Users\Hi\Desktop\product\target\classes started by Hi in C:\Users\Hi\Desktop\product)
03-02-2023 13:37:21.852 [restartedMain] INFO  c.Project.product.ProductApplication.logStartupProfileInfo - No active profile set, falling back to 1 default profile: "default"
03-02-2023 13:37:21.892 [restartedMain] INFO  o.s.b.d.restart.ChangeableUrls.logTo - The Class-Path manifest attribute in C:\Users\Hi\.m2\repository\com\oracle\database\jdbc\ojdbc8\21.5.0.0\ojdbc8-21.5.0.0.jar referenced one or more files that do not exist: file:/C:/Users/Hi/.m2/repository/com/oracle/database/jdbc/ojdbc8/21.5.0.0/oraclepki.jar
03-02-2023 13:37:21.892 [restartedMain] INFO  o.s.b.d.e.DevToolsPropertyDefaultsPostProcessor.logTo - Devtools property defaults active! Set 'spring.devtools.add-properties' to 'false' to disable
03-02-2023 13:37:21.892 [restartedMain] INFO  o.s.b.d.e.DevToolsPropertyDefaultsPostProcessor.logTo - For additional web related logging consider setting the 'logging.level.web' property to 'DEBUG'
03-02-2023 13:37:22.562 [restartedMain] INFO  o.s.d.r.c.RepositoryConfigurationDelegate.registerRepositoriesIn - Bootstrapping Spring Data JPA repositories in DEFAULT mode.
03-02-2023 13:37:22.617 [restartedMain] INFO  o.s.d.r.c.RepositoryConfigurationDelegate.registerRepositoriesIn - Finished Spring Data repository scanning in 49 ms. Found 6 JPA repository interfaces.
03-02-2023 13:37:23.074 [restartedMain] INFO  o.s.b.w.e.tomcat.TomcatWebServer.initialize - Tomcat initialized with port(s): 8080 (http)
03-02-2023 13:37:23.085 [restartedMain] INFO  o.a.catalina.core.StandardService.log - Starting service [Tomcat]
03-02-2023 13:37:23.085 [restartedMain] INFO  o.a.catalina.core.StandardEngine.log - Starting Servlet engine: [Apache Tomcat/9.0.70]
03-02-2023 13:37:23.154 [restartedMain] INFO  o.a.c.c.C.[Tomcat].[localhost].[/].log - Initializing Spring embedded WebApplicationContext
03-02-2023 13:37:23.155 [restartedMain] INFO  o.s.b.w.s.c.ServletWebServerApplicationContext.prepareWebApplicationContext - Root WebApplicationContext: initialization completed in 1262 ms
03-02-2023 13:37:23.320 [restartedMain] INFO  o.h.jpa.internal.util.LogHelper.logPersistenceUnitInformation - HHH000204: Processing PersistenceUnitInfo [name: default]
03-02-2023 13:37:23.364 [restartedMain] INFO  org.hibernate.Version.logVersion - HHH000412: Hibernate ORM core version 5.6.14.Final
03-02-2023 13:37:23.485 [restartedMain] INFO  o.h.annotations.common.Version.<clinit> - HCANN000001: Hibernate Commons Annotations {5.1.2.Final}
03-02-2023 13:37:23.585 [restartedMain] INFO  com.zaxxer.hikari.HikariDataSource.getConnection - HikariPool-1 - Starting...
03-02-2023 13:37:23.846 [restartedMain] INFO  com.zaxxer.hikari.HikariDataSource.getConnection - HikariPool-1 - Start completed.
03-02-2023 13:37:23.865 [restartedMain] INFO  org.hibernate.dialect.Dialect.<init> - HHH000400: Using dialect: org.hibernate.dialect.Oracle12cDialect
03-02-2023 13:37:56.003 [restartedMain] INFO  o.h.e.t.j.p.i.JtaPlatformInitiator.initiateService - HHH000490: Using JtaPlatform implementation: [org.hibernate.engine.transaction.jta.platform.internal.NoJtaPlatform]
03-02-2023 13:37:56.022 [restartedMain] INFO  o.s.o.j.LocalContainerEntityManagerFactoryBean.buildNativeEntityManagerFactory - Initialized JPA EntityManagerFactory for persistence unit 'default'
03-02-2023 13:37:56.317 [restartedMain] WARN  o.s.b.a.o.j.JpaBaseConfiguration$JpaWebConfiguration.openEntityManagerInViewInterceptor - spring.jpa.open-in-view is enabled by default. Therefore, database queries may be performed during view rendering. Explicitly configure spring.jpa.open-in-view to disable this warning
03-02-2023 13:37:56.533 [restartedMain] INFO  o.s.s.web.DefaultSecurityFilterChain.<init> - Will secure any request with [org.springframework.security.web.session.DisableEncodeUrlFilter@52f1186, org.springframework.security.web.context.request.async.WebAsyncManagerIntegrationFilter@52f7bcc, org.springframework.security.web.context.SecurityContextPersistenceFilter@eee845b, org.springframework.security.web.header.HeaderWriterFilter@129bb8d9, org.springframework.security.web.authentication.logout.LogoutFilter@4623a95d, com.Project.product.config.JwtRequestFilter@373c0f98, org.springframework.security.web.savedrequest.RequestCacheAwareFilter@37c8a218, org.springframework.security.web.servletapi.SecurityContextHolderAwareRequestFilter@29bed136, org.springframework.security.web.authentication.AnonymousAuthenticationFilter@6f87181a, org.springframework.security.web.session.SessionManagementFilter@665c2636, org.springframework.security.web.access.ExceptionTranslationFilter@6e637f71, org.springframework.security.web.access.intercept.FilterSecurityInterceptor@16a75c22]
03-02-2023 13:37:56.844 [restartedMain] INFO  o.s.b.d.a.OptionalLiveReloadServer.startServer - LiveReload server is running on port 35729
03-02-2023 13:37:56.874 [restartedMain] INFO  o.s.b.w.e.tomcat.TomcatWebServer.start - Tomcat started on port(s): 8080 (http) with context path ''
03-02-2023 13:37:56.882 [restartedMain] INFO  c.Project.product.ProductApplication.logStarted - Started ProductApplication in 35.297 seconds (JVM running for 36.056)
03-02-2023 13:41:44.009 [SpringApplicationShutdownHook] INFO  o.s.o.j.LocalContainerEntityManagerFactoryBean.destroy - Closing JPA EntityManagerFactory for persistence unit 'default'
03-02-2023 13:41:44.013 [SpringApplicationShutdownHook] INFO  com.zaxxer.hikari.HikariDataSource.close - HikariPool-1 - Shutdown initiated...
03-02-2023 13:41:44.048 [SpringApplicationShutdownHook] INFO  com.zaxxer.hikari.HikariDataSource.close - HikariPool-1 - Shutdown completed.
03-02-2023 14:04:33.785 [restartedMain] INFO  c.Project.product.ProductApplication.logStarting - Starting ProductApplication using Java 19.0.1 on LAPTOP-HD1DTI40 with PID 25392 (C:\Users\Hi\Desktop\product\target\classes started by Hi in C:\Users\Hi\Desktop\product)
03-02-2023 14:04:33.788 [restartedMain] INFO  c.Project.product.ProductApplication.logStartupProfileInfo - No active profile set, falling back to 1 default profile: "default"
03-02-2023 14:04:33.847 [restartedMain] INFO  o.s.b.d.restart.ChangeableUrls.logTo - The Class-Path manifest attribute in C:\Users\Hi\.m2\repository\com\oracle\database\jdbc\ojdbc8\21.5.0.0\ojdbc8-21.5.0.0.jar referenced one or more files that do not exist: file:/C:/Users/Hi/.m2/repository/com/oracle/database/jdbc/ojdbc8/21.5.0.0/oraclepki.jar
03-02-2023 14:04:33.847 [restartedMain] INFO  o.s.b.d.e.DevToolsPropertyDefaultsPostProcessor.logTo - Devtools property defaults active! Set 'spring.devtools.add-properties' to 'false' to disable
03-02-2023 14:04:33.847 [restartedMain] INFO  o.s.b.d.e.DevToolsPropertyDefaultsPostProcessor.logTo - For additional web related logging consider setting the 'logging.level.web' property to 'DEBUG'
03-02-2023 14:04:34.435 [restartedMain] INFO  o.s.d.r.c.RepositoryConfigurationDelegate.registerRepositoriesIn - Bootstrapping Spring Data JPA repositories in DEFAULT mode.
03-02-2023 14:04:34.483 [restartedMain] INFO  o.s.d.r.c.RepositoryConfigurationDelegate.registerRepositoriesIn - Finished Spring Data repository scanning in 41 ms. Found 6 JPA repository interfaces.
03-02-2023 14:04:34.952 [restartedMain] INFO  o.s.b.w.e.tomcat.TomcatWebServer.initialize - Tomcat initialized with port(s): 8080 (http)
03-02-2023 14:04:34.961 [restartedMain] INFO  o.a.catalina.core.StandardService.log - Starting service [Tomcat]
03-02-2023 14:04:34.961 [restartedMain] INFO  o.a.catalina.core.StandardEngine.log - Starting Servlet engine: [Apache Tomcat/9.0.70]
03-02-2023 14:04:35.033 [restartedMain] INFO  o.a.c.c.C.[Tomcat].[localhost].[/].log - Initializing Spring embedded WebApplicationContext
03-02-2023 14:04:35.034 [restartedMain] INFO  o.s.b.w.s.c.ServletWebServerApplicationContext.prepareWebApplicationContext - Root WebApplicationContext: initialization completed in 1186 ms
03-02-2023 14:04:35.210 [restartedMain] INFO  o.h.jpa.internal.util.LogHelper.logPersistenceUnitInformation - HHH000204: Processing PersistenceUnitInfo [name: default]
03-02-2023 14:04:35.260 [restartedMain] INFO  org.hibernate.Version.logVersion - HHH000412: Hibernate ORM core version 5.6.14.Final
03-02-2023 14:04:35.387 [restartedMain] INFO  o.h.annotations.common.Version.<clinit> - HCANN000001: Hibernate Commons Annotations {5.1.2.Final}
03-02-2023 14:04:35.477 [restartedMain] INFO  com.zaxxer.hikari.HikariDataSource.getConnection - HikariPool-1 - Starting...
03-02-2023 14:04:35.717 [restartedMain] INFO  com.zaxxer.hikari.HikariDataSource.getConnection - HikariPool-1 - Start completed.
03-02-2023 14:04:35.731 [restartedMain] INFO  org.hibernate.dialect.Dialect.<init> - HHH000400: Using dialect: org.hibernate.dialect.Oracle12cDialect
03-02-2023 14:04:36.525 [restartedMain] INFO  o.h.e.t.j.p.i.JtaPlatformInitiator.initiateService - HHH000490: Using JtaPlatform implementation: [org.hibernate.engine.transaction.jta.platform.internal.NoJtaPlatform]
03-02-2023 14:04:36.532 [restartedMain] INFO  o.s.o.j.LocalContainerEntityManagerFactoryBean.buildNativeEntityManagerFactory - Initialized JPA EntityManagerFactory for persistence unit 'default'
03-02-2023 14:04:36.826 [restartedMain] WARN  o.s.b.a.o.j.JpaBaseConfiguration$JpaWebConfiguration.openEntityManagerInViewInterceptor - spring.jpa.open-in-view is enabled by default. Therefore, database queries may be performed during view rendering. Explicitly configure spring.jpa.open-in-view to disable this warning
03-02-2023 14:04:37.048 [restartedMain] INFO  o.s.s.web.DefaultSecurityFilterChain.<init> - Will secure any request with [org.springframework.security.web.session.DisableEncodeUrlFilter@651cfc4d, org.springframework.security.web.context.request.async.WebAsyncManagerIntegrationFilter@63b2fdad, org.springframework.security.web.context.SecurityContextPersistenceFilter@129bb8d9, org.springframework.security.web.header.HeaderWriterFilter@4a117280, org.springframework.security.web.authentication.logout.LogoutFilter@407de001, com.Project.product.config.JwtRequestFilter@6a4647fc, org.springframework.security.web.savedrequest.RequestCacheAwareFilter@51bd9cb8, org.springframework.security.web.servletapi.SecurityContextHolderAwareRequestFilter@36260bb2, org.springframework.security.web.authentication.AnonymousAuthenticationFilter@518b094, org.springframework.security.web.session.SessionManagementFilter@78f9c08e, org.springframework.security.web.access.ExceptionTranslationFilter@4186f3c0, org.springframework.security.web.access.intercept.FilterSecurityInterceptor@3c16f09]
03-02-2023 14:04:37.339 [restartedMain] INFO  o.s.b.d.a.OptionalLiveReloadServer.startServer - LiveReload server is running on port 35729
03-02-2023 14:04:37.364 [restartedMain] INFO  o.s.b.w.e.tomcat.TomcatWebServer.start - Tomcat started on port(s): 8080 (http) with context path ''
03-02-2023 14:04:37.373 [restartedMain] INFO  c.Project.product.ProductApplication.logStarted - Started ProductApplication in 3.951 seconds (JVM running for 4.619)
03-02-2023 14:41:00.324 [SpringApplicationShutdownHook] INFO  o.s.o.j.LocalContainerEntityManagerFactoryBean.destroy - Closing JPA EntityManagerFactory for persistence unit 'default'
03-02-2023 14:41:00.392 [SpringApplicationShutdownHook] INFO  com.zaxxer.hikari.HikariDataSource.close - HikariPool-1 - Shutdown initiated...
03-02-2023 14:41:00.432 [SpringApplicationShutdownHook] INFO  com.zaxxer.hikari.HikariDataSource.close - HikariPool-1 - Shutdown completed.
03-02-2023 14:46:06.203 [restartedMain] INFO  c.Project.product.ProductApplication.logStarting - Starting ProductApplication using Java 19.0.1 on LAPTOP-HD1DTI40 with PID 10316 (C:\Users\Hi\Downloads\product\target\classes started by Hi in C:\Users\Hi\Downloads\product)
03-02-2023 14:46:06.205 [restartedMain] INFO  c.Project.product.ProductApplication.logStartupProfileInfo - No active profile set, falling back to 1 default profile: "default"
03-02-2023 14:46:06.237 [restartedMain] INFO  o.s.b.d.restart.ChangeableUrls.logTo - The Class-Path manifest attribute in C:\Users\Hi\.m2\repository\com\oracle\database\jdbc\ojdbc8\21.5.0.0\ojdbc8-21.5.0.0.jar referenced one or more files that do not exist: file:/C:/Users/Hi/.m2/repository/com/oracle/database/jdbc/ojdbc8/21.5.0.0/oraclepki.jar
03-02-2023 14:46:06.237 [restartedMain] INFO  o.s.b.d.e.DevToolsPropertyDefaultsPostProcessor.logTo - Devtools property defaults active! Set 'spring.devtools.add-properties' to 'false' to disable
03-02-2023 14:46:06.237 [restartedMain] INFO  o.s.b.d.e.DevToolsPropertyDefaultsPostProcessor.logTo - For additional web related logging consider setting the 'logging.level.web' property to 'DEBUG'
03-02-2023 14:46:06.758 [restartedMain] INFO  o.s.d.r.c.RepositoryConfigurationDelegate.registerRepositoriesIn - Bootstrapping Spring Data JPA repositories in DEFAULT mode.
03-02-2023 14:46:06.811 [restartedMain] INFO  o.s.d.r.c.RepositoryConfigurationDelegate.registerRepositoriesIn - Finished Spring Data repository scanning in 47 ms. Found 6 JPA repository interfaces.
03-02-2023 14:46:07.323 [restartedMain] INFO  o.s.b.w.e.tomcat.TomcatWebServer.initialize - Tomcat initialized with port(s): 8080 (http)
03-02-2023 14:46:07.331 [restartedMain] INFO  o.a.catalina.core.StandardService.log - Starting service [Tomcat]
03-02-2023 14:46:07.331 [restartedMain] INFO  o.a.catalina.core.StandardEngine.log - Starting Servlet engine: [Apache Tomcat/9.0.70]
03-02-2023 14:46:07.392 [restartedMain] INFO  o.a.c.c.C.[Tomcat].[localhost].[/].log - Initializing Spring embedded WebApplicationContext
03-02-2023 14:46:07.392 [restartedMain] INFO  o.s.b.w.s.c.ServletWebServerApplicationContext.prepareWebApplicationContext - Root WebApplicationContext: initialization completed in 1154 ms
03-02-2023 14:46:07.546 [restartedMain] INFO  o.h.jpa.internal.util.LogHelper.logPersistenceUnitInformation - HHH000204: Processing PersistenceUnitInfo [name: default]
03-02-2023 14:46:07.609 [restartedMain] INFO  org.hibernate.Version.logVersion - HHH000412: Hibernate ORM core version 5.6.14.Final
03-02-2023 14:46:07.733 [restartedMain] INFO  o.h.annotations.common.Version.<clinit> - HCANN000001: Hibernate Commons Annotations {5.1.2.Final}
03-02-2023 14:46:07.816 [restartedMain] INFO  com.zaxxer.hikari.HikariDataSource.getConnection - HikariPool-1 - Starting...
03-02-2023 14:46:08.039 [restartedMain] INFO  com.zaxxer.hikari.HikariDataSource.getConnection - HikariPool-1 - Start completed.
03-02-2023 14:46:08.053 [restartedMain] INFO  org.hibernate.dialect.Dialect.<init> - HHH000400: Using dialect: org.hibernate.dialect.Oracle12cDialect
03-02-2023 14:46:08.835 [restartedMain] INFO  o.h.e.t.j.p.i.JtaPlatformInitiator.initiateService - HHH000490: Using JtaPlatform implementation: [org.hibernate.engine.transaction.jta.platform.internal.NoJtaPlatform]
03-02-2023 14:46:08.841 [restartedMain] INFO  o.s.o.j.LocalContainerEntityManagerFactoryBean.buildNativeEntityManagerFactory - Initialized JPA EntityManagerFactory for persistence unit 'default'
03-02-2023 14:46:09.126 [restartedMain] WARN  o.s.b.a.o.j.JpaBaseConfiguration$JpaWebConfiguration.openEntityManagerInViewInterceptor - spring.jpa.open-in-view is enabled by default. Therefore, database queries may be performed during view rendering. Explicitly configure spring.jpa.open-in-view to disable this warning
03-02-2023 14:46:09.352 [restartedMain] INFO  o.s.s.web.DefaultSecurityFilterChain.<init> - Will secure any request with [org.springframework.security.web.session.DisableEncodeUrlFilter@77f1af79, org.springframework.security.web.context.request.async.WebAsyncManagerIntegrationFilter@6d90f830, org.springframework.security.web.context.SecurityContextPersistenceFilter@6317769c, org.springframework.security.web.header.HeaderWriterFilter@227676f2, org.springframework.security.web.authentication.logout.LogoutFilter@1a4c9348, com.Project.product.config.JwtRequestFilter@34b7c50a, org.springframework.security.web.savedrequest.RequestCacheAwareFilter@4708423, org.springframework.security.web.servletapi.SecurityContextHolderAwareRequestFilter@6e637f71, org.springframework.security.web.authentication.AnonymousAuthenticationFilter@3c16f09, org.springframework.security.web.session.SessionManagementFilter@6e350984, org.springframework.security.web.access.ExceptionTranslationFilter@39cff91, org.springframework.security.web.access.intercept.FilterSecurityInterceptor@772efda4]
03-02-2023 14:46:09.669 [restartedMain] INFO  o.s.b.d.a.OptionalLiveReloadServer.startServer - LiveReload server is running on port 35729
03-02-2023 14:46:09.695 [restartedMain] INFO  o.s.b.w.e.tomcat.TomcatWebServer.start - Tomcat started on port(s): 8080 (http) with context path ''
03-02-2023 14:46:09.704 [restartedMain] INFO  c.Project.product.ProductApplication.logStarted - Started ProductApplication in 3.769 seconds (JVM running for 4.408)
03-02-2023 14:46:19.584 [SpringApplicationShutdownHook] INFO  o.s.o.j.LocalContainerEntityManagerFactoryBean.destroy - Closing JPA EntityManagerFactory for persistence unit 'default'
03-02-2023 14:46:19.587 [SpringApplicationShutdownHook] INFO  com.zaxxer.hikari.HikariDataSource.close - HikariPool-1 - Shutdown initiated...
03-02-2023 14:46:19.631 [SpringApplicationShutdownHook] INFO  com.zaxxer.hikari.HikariDataSource.close - HikariPool-1 - Shutdown completed.
